# JRE version: Java(TM) SE Runtime Environment (8.0_121-b13) (build 1.8.0_121-b13)
# Java VM: Java HotSpot(TM) Client VM (25.121-b13 mixed mode, sharing windows-x86 )
Heap:
 def new generation   total 9024K, used 3941K [0x04c00000, 0x055c0000, 0x0a150000)
  eden space 8064K,  39% used [0x04c00000, 0x04f1b598, 0x053e0000)
  from space 960K,  79% used [0x054d0000, 0x0558e100, 0x055c0000)
  to   space 960K,   0% used [0x053e0000, 0x053e0000, 0x054d0000)
 tenured generation   total 19868K, used 15698K [0x0a150000, 0x0b4b7000, 0x14c00000)
   the space 19868K,  79% used [0x0a150000, 0x0b0a4a80, 0x0b0a4c00, 0x0b4b7000)
 Metaspace       used 10517K, capacity 11557K, committed 11648K, reserved 11648K
GC Heap History (10 events):
Event: 5.082 GC heap before
{Heap before GC invocations=13 (full 1):
 def new generation   total 5376K, used 5376K [0x04c00000, 0x051d0000, 0x0a150000)
  eden space 4800K, 100% used [0x04c00000, 0x050b0000, 0x050b0000)
  from space 576K, 100% used [0x05140000, 0x051d0000, 0x051d0000)
  to   space 576K,   0% used [0x050b0000, 0x050b0000, 0x05140000)
 tenured generation   total 11792K, used 10282K [0x0a150000, 0x0acd4000, 0x14c00000)
   the space 11792K,  87% used [0x0a150000, 0x0ab5ab08, 0x0ab5ac00, 0x0acd4000)
 Metaspace       used 9563K, capacity 10645K, committed 10752K, reserved 11648K
Event: 5.085 GC heap after
Heap after GC invocations=14 (full 1):
 def new generation   total 5376K, used 197K [0x04c00000, 0x051d0000, 0x0a150000)
  eden space 4800K,   0% used [0x04c00000, 0x04c00000, 0x050b0000)
  from space 576K,  34% used [0x050b0000, 0x050e1680, 0x05140000)
  to   space 576K,   0% used [0x05140000, 0x05140000, 0x051d0000)
 tenured generation   total 11792K, used 10847K [0x0a150000, 0x0acd4000, 0x14c00000)
   the space 11792K,  91% used [0x0a150000, 0x0abe7eb8, 0x0abe8000, 0x0acd4000)
 Metaspace       used 9563K, capacity 10645K, committed 10752K, reserved 11648K
}
Event: 5.170 GC heap before
{Heap before GC invocations=14 (full 1):
 def new generation   total 5376K, used 4997K [0x04c00000, 0x051d0000, 0x0a150000)
  eden space 4800K, 100% used [0x04c00000, 0x050b0000, 0x050b0000)
  from space 576K,  34% used [0x050b0000, 0x050e1680, 0x05140000)
  to   space 576K,   0% used [0x05140000, 0x05140000, 0x051d0000)
 tenured generation   total 11792K, used 10847K [0x0a150000, 0x0acd4000, 0x14c00000)
   the space 11792K,  91% used [0x0a150000, 0x0abe7eb8, 0x0abe8000, 0x0acd4000)
 Metaspace       used 9828K, capacity 10826K, committed 10880K, reserved 11648K
Event: 5.200 GC heap after
Heap after GC invocations=15 (full 2):
 def new generation   total 9024K, used 545K [0x04c00000, 0x055c0000, 0x0a150000)
  eden space 8064K,   6% used [0x04c00000, 0x04c88458, 0x053e0000)
  from space 960K,   0% used [0x053e0000, 0x053e0000, 0x054d0000)
  to   space 960K,   0% used [0x054d0000, 0x054d0000, 0x055c0000)
 tenured generation   total 19868K, used 11919K [0x0a150000, 0x0b4b7000, 0x14c00000)
   the space 19868K,  59% used [0x0a150000, 0x0acf3ff8, 0x0acf4000, 0x0b4b7000)
 Metaspace       used 9828K, capacity 10826K, committed 10880K, reserved 11648K
}
Event: 5.307 GC heap before
{Heap before GC invocations=15 (full 2):
 def new generation   total 9024K, used 8064K [0x04c00000, 0x055c0000, 0x0a150000)
  eden space 8064K, 100% used [0x04c00000, 0x053e0000, 0x053e0000)
  from space 960K,   0% used [0x053e0000, 0x053e0000, 0x054d0000)
  to   space 960K,   0% used [0x054d0000, 0x054d0000, 0x055c0000)
 tenured generation   total 19868K, used 11919K [0x0a150000, 0x0b4b7000, 0x14c00000)
   the space 19868K,  59% used [0x0a150000, 0x0acf3ff8, 0x0acf4000, 0x0b4b7000)
 Metaspace       used 9967K, capacity 10989K, committed 11008K, reserved 11648K
Event: 5.322 GC heap after
Heap after GC invocations=16 (full 2):
 def new generation   total 9024K, used 960K [0x04c00000, 0x055c0000, 0x0a150000)
  eden space 8064K,   0% used [0x04c00000, 0x04c00000, 0x053e0000)
  from space 960K, 100% used [0x054d0000, 0x055c0000, 0x055c0000)
  to   space 960K,   0% used [0x053e0000, 0x053e0000, 0x054d0000)
 tenured generation   total 19868K, used 14195K [0x0a150000, 0x0b4b7000, 0x14c00000)
   the space 19868K,  71% used [0x0a150000, 0x0af2ced8, 0x0af2d000, 0x0b4b7000)
 Metaspace       used 9967K, capacity 10989K, committed 11008K, reserved 11648K
}
Event: 17.716 GC heap before
{Heap before GC invocations=16 (full 2):
 def new generation   total 9024K, used 9024K [0x04c00000, 0x055c0000, 0x0a150000)
  eden space 8064K, 100% used [0x04c00000, 0x053e0000, 0x053e0000)
  from space 960K, 100% used [0x054d0000, 0x055c0000, 0x055c0000)
  to   space 960K,   0% used [0x053e0000, 0x053e0000, 0x054d0000)
 tenured generation   total 19868K, used 14195K [0x0a150000, 0x0b4b7000, 0x14c00000)
   the space 19868K,  71% used [0x0a150000, 0x0af2ced8, 0x0af2d000, 0x0b4b7000)
 Metaspace       used 10489K, capacity 11510K, committed 11520K, reserved 11648K
Event: 17.734 GC heap after
Heap after GC invocations=17 (full 2):
 def new generation   total 9024K, used 618K [0x04c00000, 0x055c0000, 0x0a150000)
  eden space 8064K,   0% used [0x04c00000, 0x04c00000, 0x053e0000)
  from space 960K,  64% used [0x053e0000, 0x0547a9d0, 0x054d0000)
  to   space 960K,   0% used [0x054d0000, 0x054d0000, 0x055c0000)
 tenured generation   total 19868K, used 15150K [0x0a150000, 0x0b4b7000, 0x14c00000)
   the space 19868K,  76% used [0x0a150000, 0x0b01bad0, 0x0b01bc00, 0x0b4b7000)
 Metaspace       used 10489K, capacity 11510K, committed 11520K, reserved 11648K
}
Event: 54.782 GC heap before
{Heap before GC invocations=17 (full 2):
 def new generation   total 9024K, used 8682K [0x04c00000, 0x055c0000, 0x0a150000)
  eden space 8064K, 100% used [0x04c00000, 0x053e0000, 0x053e0000)
  from space 960K,  64% used [0x053e0000, 0x0547a9d0, 0x054d0000)
  to   space 960K,   0% used [0x054d0000, 0x054d0000, 0x055c0000)
 tenured generation   total 19868K, used 15150K [0x0a150000, 0x0b4b7000, 0x14c00000)
   the space 19868K,  76% used [0x0a150000, 0x0b01bad0, 0x0b01bc00, 0x0b4b7000)
 Metaspace       used 10508K, capacity 11549K, committed 11648K, reserved 11648K
Event: 54.800 GC heap after
Heap after GC invocations=18 (full 2):
 def new generation   total 9024K, used 760K [0x04c00000, 0x055c0000, 0x0a150000)
  eden space 8064K,   0% used [0x04c00000, 0x04c00000, 0x053e0000)
  from space 960K,  79% used [0x054d0000, 0x0558e100, 0x055c0000)
  to   space 960K,   0% used [0x053e0000, 0x053e0000, 0x054d0000)
 tenured generation   total 19868K, used 15698K [0x0a150000, 0x0b4b7000, 0x14c00000)
   the space 19868K,  79% used [0x0a150000, 0x0b0a4a80, 0x0b0a4c00, 0x0b4b7000)
 Metaspace       used 10508K, capacity 11549K, committed 11648K, reserved 11648K
}

