# JRE version: Java(TM) SE Runtime Environment (8.0_131-b11) (build 1.8.0_131-b11)
# Java VM: Java HotSpot(TM) 64-Bit Server VM (25.131-b11 mixed mode windows-amd64 compressed oops)
Heap:
 PSYoungGen      total 76288K, used 27499K [0x000000076b500000, 0x0000000770a00000, 0x00000007c0000000)
  eden space 65536K, 25% used [0x000000076b500000,0x000000076c55ac90,0x000000076f500000)
  from space 10752K, 100% used [0x000000076f500000,0x000000076ff80000,0x000000076ff80000)
  to   space 10752K, 0% used [0x000000076ff80000,0x000000076ff80000,0x0000000770a00000)
 ParOldGen       total 175104K, used 21365K [0x00000006c1e00000, 0x00000006cc900000, 0x000000076b500000)
  object space 175104K, 12% used [0x00000006c1e00000,0x00000006c32dd608,0x00000006cc900000)
 Metaspace       used 26410K, capacity 28270K, committed 28416K, reserved 1073152K
  class space    used 3693K, capacity 4016K, committed 4096K, reserved 1048576K
GC Heap History (8 events):
Event: 2.321 GC heap before
{Heap before GC invocations=1 (full 0):
 PSYoungGen      total 76288K, used 40516K [0x000000076b500000, 0x0000000770a00000, 0x00000007c0000000)
  eden space 65536K, 61% used [0x000000076b500000,0x000000076dc912a0,0x000000076f500000)
  from space 10752K, 0% used [0x000000076ff80000,0x000000076ff80000,0x0000000770a00000)
  to   space 10752K, 0% used [0x000000076f500000,0x000000076f500000,0x000000076ff80000)
 ParOldGen       total 175104K, used 0K [0x00000006c1e00000, 0x00000006cc900000, 0x000000076b500000)
  object space 175104K, 0% used [0x00000006c1e00000,0x00000006c1e00000,0x00000006cc900000)
 Metaspace       used 16891K, capacity 17520K, committed 17792K, reserved 1064960K
  class space    used 2477K, capacity 2635K, committed 2688K, reserved 1048576K
Event: 2.326 GC heap after
Heap after GC invocations=1 (full 0):
 PSYoungGen      total 76288K, used 9762K [0x000000076b500000, 0x0000000770a00000, 0x00000007c0000000)
  eden space 65536K, 0% used [0x000000076b500000,0x000000076b500000,0x000000076f500000)
  from space 10752K, 90% used [0x000000076f500000,0x000000076fe88ae0,0x000000076ff80000)
  to   space 10752K, 0% used [0x000000076ff80000,0x000000076ff80000,0x0000000770a00000)
 ParOldGen       total 175104K, used 80K [0x00000006c1e00000, 0x00000006cc900000, 0x000000076b500000)
  object space 175104K, 0% used [0x00000006c1e00000,0x00000006c1e14010,0x00000006cc900000)
 Metaspace       used 16891K, capacity 17520K, committed 17792K, reserved 1064960K
  class space    used 2477K, capacity 2635K, committed 2688K, reserved 1048576K
}
Event: 2.326 GC heap before
{Heap before GC invocations=2 (full 1):
 PSYoungGen      total 76288K, used 9762K [0x000000076b500000, 0x0000000770a00000, 0x00000007c0000000)
  eden space 65536K, 0% used [0x000000076b500000,0x000000076b500000,0x000000076f500000)
  from space 10752K, 90% used [0x000000076f500000,0x000000076fe88ae0,0x000000076ff80000)
  to   space 10752K, 0% used [0x000000076ff80000,0x000000076ff80000,0x0000000770a00000)
 ParOldGen       total 175104K, used 80K [0x00000006c1e00000, 0x00000006cc900000, 0x000000076b500000)
  object space 175104K, 0% used [0x00000006c1e00000,0x00000006c1e14010,0x00000006cc900000)
 Metaspace       used 16891K, capacity 17520K, committed 17792K, reserved 1064960K
  class space    used 2477K, capacity 2635K, committed 2688K, reserved 1048576K
Event: 2.349 GC heap after
Heap after GC invocations=2 (full 1):
 PSYoungGen      total 76288K, used 0K [0x000000076b500000, 0x0000000770a00000, 0x00000007c0000000)
  eden space 65536K, 0% used [0x000000076b500000,0x000000076b500000,0x000000076f500000)
  from space 10752K, 0% used [0x000000076f500000,0x000000076f500000,0x000000076ff80000)
  to   space 10752K, 0% used [0x000000076ff80000,0x000000076ff80000,0x0000000770a00000)
 ParOldGen       total 175104K, used 7603K [0x00000006c1e00000, 0x00000006cc900000, 0x000000076b500000)
  object space 175104K, 4% used [0x00000006c1e00000,0x00000006c256ccf8,0x00000006cc900000)
 Metaspace       used 16891K, capacity 17520K, committed 17792K, reserved 1064960K
  class space    used 2477K, capacity 2635K, committed 2688K, reserved 1048576K
}
Event: 5.963 GC heap before
{Heap before GC invocations=3 (full 1):
 PSYoungGen      total 76288K, used 65536K [0x000000076b500000, 0x0000000770a00000, 0x00000007c0000000)
  eden space 65536K, 100% used [0x000000076b500000,0x000000076f500000,0x000000076f500000)
  from space 10752K, 0% used [0x000000076f500000,0x000000076f500000,0x000000076ff80000)
  to   space 10752K, 0% used [0x000000076ff80000,0x000000076ff80000,0x0000000770a00000)
 ParOldGen       total 175104K, used 7603K [0x00000006c1e00000, 0x00000006cc900000, 0x000000076b500000)
  object space 175104K, 4% used [0x00000006c1e00000,0x00000006c256ccf8,0x00000006cc900000)
 Metaspace       used 24061K, capacity 25702K, committed 25856K, reserved 1071104K
  class space    used 3470K, capacity 3768K, committed 3840K, reserved 1048576K
Event: 5.978 GC heap after
Heap after GC invocations=3 (full 1):
 PSYoungGen      total 76288K, used 10752K [0x000000076b500000, 0x0000000770a00000, 0x00000007c0000000)
  eden space 65536K, 0% used [0x000000076b500000,0x000000076b500000,0x000000076f500000)
  from space 10752K, 100% used [0x000000076ff80000,0x0000000770a00000,0x0000000770a00000)
  to   space 10752K, 0% used [0x000000076f500000,0x000000076f500000,0x000000076ff80000)
 ParOldGen       total 175104K, used 11911K [0x00000006c1e00000, 0x00000006cc900000, 0x000000076b500000)
  object space 175104K, 6% used [0x00000006c1e00000,0x00000006c29a1d08,0x00000006cc900000)
 Metaspace       used 24061K, capacity 25702K, committed 25856K, reserved 1071104K
  class space    used 3470K, capacity 3768K, committed 3840K, reserved 1048576K
}
Event: 98.240 GC heap before
{Heap before GC invocations=4 (full 1):
 PSYoungGen      total 76288K, used 76288K [0x000000076b500000, 0x0000000770a00000, 0x00000007c0000000)
  eden space 65536K, 100% used [0x000000076b500000,0x000000076f500000,0x000000076f500000)
  from space 10752K, 100% used [0x000000076ff80000,0x0000000770a00000,0x0000000770a00000)
  to   space 10752K, 0% used [0x000000076f500000,0x000000076f500000,0x000000076ff80000)
 ParOldGen       total 175104K, used 11911K [0x00000006c1e00000, 0x00000006cc900000, 0x000000076b500000)
  object space 175104K, 6% used [0x00000006c1e00000,0x00000006c29a1d08,0x00000006cc900000)
 Metaspace       used 26161K, capacity 28056K, committed 28160K, reserved 1073152K
  class space    used 3685K, capacity 4013K, committed 4096K, reserved 1048576K
Event: 98.254 GC heap after
Heap after GC invocations=4 (full 1):
 PSYoungGen      total 76288K, used 10752K [0x000000076b500000, 0x0000000770a00000, 0x00000007c0000000)
  eden space 65536K, 0% used [0x000000076b500000,0x000000076b500000,0x000000076f500000)
  from space 10752K, 100% used [0x000000076f500000,0x000000076ff80000,0x000000076ff80000)
  to   space 10752K, 0% used [0x000000076ff80000,0x000000076ff80000,0x0000000770a00000)
 ParOldGen       total 175104K, used 21365K [0x00000006c1e00000, 0x00000006cc900000, 0x000000076b500000)
  object space 175104K, 12% used [0x00000006c1e00000,0x00000006c32dd608,0x00000006cc900000)
 Metaspace       used 26161K, capacity 28056K, committed 28160K, reserved 1073152K
  class space    used 3685K, capacity 4013K, committed 4096K, reserved 1048576K
}

