# JRE version: Java(TM) SE Runtime Environment (8.0_131-b11) (build 1.8.0_131-b11)
# Java VM: Java HotSpot(TM) 64-Bit Server VM (25.131-b11 mixed mode windows-amd64 compressed oops)
Heap:
 PSYoungGen      total 76288K, used 66121K [0x000000076b500000, 0x0000000770a00000, 0x00000007c0000000)
  eden space 65536K, 84% used [0x000000076b500000,0x000000076eb127b0,0x000000076f500000)
  from space 10752K, 100% used [0x000000076f500000,0x000000076ff80000,0x000000076ff80000)
  to   space 10752K, 0% used [0x000000076ff80000,0x000000076ff80000,0x0000000770a00000)
 ParOldGen       total 129024K, used 19250K [0x00000006c1e00000, 0x00000006c9c00000, 0x000000076b500000)
  object space 129024K, 14% used [0x00000006c1e00000,0x00000006c30cc8f0,0x00000006c9c00000)
 Metaspace       used 26639K, capacity 28526K, committed 28672K, reserved 1073152K
  class space    used 3694K, capacity 4016K, committed 4096K, reserved 1048576K
GC Heap History (8 events):
Event: 6.404 GC heap before
{Heap before GC invocations=1 (full 0):
 PSYoungGen      total 76288K, used 57557K [0x000000076b500000, 0x0000000770a00000, 0x00000007c0000000)
  eden space 65536K, 87% used [0x000000076b500000,0x000000076ed35550,0x000000076f500000)
  from space 10752K, 0% used [0x000000076ff80000,0x000000076ff80000,0x0000000770a00000)
  to   space 10752K, 0% used [0x000000076f500000,0x000000076f500000,0x000000076ff80000)
 ParOldGen       total 175104K, used 0K [0x00000006c1e00000, 0x00000006cc900000, 0x000000076b500000)
  object space 175104K, 0% used [0x00000006c1e00000,0x00000006c1e00000,0x00000006cc900000)
 Metaspace       used 19945K, capacity 21114K, committed 21296K, reserved 1067008K
  class space    used 2972K, capacity 3190K, committed 3200K, reserved 1048576K
Event: 6.426 GC heap after
Heap after GC invocations=1 (full 0):
 PSYoungGen      total 76288K, used 10722K [0x000000076b500000, 0x0000000770a00000, 0x00000007c0000000)
  eden space 65536K, 0% used [0x000000076b500000,0x000000076b500000,0x000000076f500000)
  from space 10752K, 99% used [0x000000076f500000,0x000000076ff78ae0,0x000000076ff80000)
  to   space 10752K, 0% used [0x000000076ff80000,0x000000076ff80000,0x0000000770a00000)
 ParOldGen       total 175104K, used 571K [0x00000006c1e00000, 0x00000006cc900000, 0x000000076b500000)
  object space 175104K, 0% used [0x00000006c1e00000,0x00000006c1e8ed70,0x00000006cc900000)
 Metaspace       used 19945K, capacity 21114K, committed 21296K, reserved 1067008K
  class space    used 2972K, capacity 3190K, committed 3200K, reserved 1048576K
}
Event: 6.426 GC heap before
{Heap before GC invocations=2 (full 1):
 PSYoungGen      total 76288K, used 10722K [0x000000076b500000, 0x0000000770a00000, 0x00000007c0000000)
  eden space 65536K, 0% used [0x000000076b500000,0x000000076b500000,0x000000076f500000)
  from space 10752K, 99% used [0x000000076f500000,0x000000076ff78ae0,0x000000076ff80000)
  to   space 10752K, 0% used [0x000000076ff80000,0x000000076ff80000,0x0000000770a00000)
 ParOldGen       total 175104K, used 571K [0x00000006c1e00000, 0x00000006cc900000, 0x000000076b500000)
  object space 175104K, 0% used [0x00000006c1e00000,0x00000006c1e8ed70,0x00000006cc900000)
 Metaspace       used 19945K, capacity 21114K, committed 21296K, reserved 1067008K
  class space    used 2972K, capacity 3190K, committed 3200K, reserved 1048576K
Event: 6.521 GC heap after
Heap after GC invocations=2 (full 1):
 PSYoungGen      total 76288K, used 0K [0x000000076b500000, 0x0000000770a00000, 0x00000007c0000000)
  eden space 65536K, 0% used [0x000000076b500000,0x000000076b500000,0x000000076f500000)
  from space 10752K, 0% used [0x000000076f500000,0x000000076f500000,0x000000076ff80000)
  to   space 10752K, 0% used [0x000000076ff80000,0x000000076ff80000,0x0000000770a00000)
 ParOldGen       total 129024K, used 9132K [0x00000006c1e00000, 0x00000006c9c00000, 0x000000076b500000)
  object space 129024K, 7% used [0x00000006c1e00000,0x00000006c26eb020,0x00000006c9c00000)
 Metaspace       used 19945K, capacity 21114K, committed 21296K, reserved 1067008K
  class space    used 2972K, capacity 3190K, committed 3200K, reserved 1048576K
}
Event: 54.298 GC heap before
{Heap before GC invocations=3 (full 1):
 PSYoungGen      total 76288K, used 65536K [0x000000076b500000, 0x0000000770a00000, 0x00000007c0000000)
  eden space 65536K, 100% used [0x000000076b500000,0x000000076f500000,0x000000076f500000)
  from space 10752K, 0% used [0x000000076f500000,0x000000076f500000,0x000000076ff80000)
  to   space 10752K, 0% used [0x000000076ff80000,0x000000076ff80000,0x0000000770a00000)
 ParOldGen       total 129024K, used 9132K [0x00000006c1e00000, 0x00000006c9c00000, 0x000000076b500000)
  object space 129024K, 7% used [0x00000006c1e00000,0x00000006c26eb020,0x00000006c9c00000)
 Metaspace       used 24557K, capacity 26238K, committed 26368K, reserved 1071104K
  class space    used 3504K, capacity 3814K, committed 3840K, reserved 1048576K
Event: 54.330 GC heap after
Heap after GC invocations=3 (full 1):
 PSYoungGen      total 76288K, used 10752K [0x000000076b500000, 0x0000000771200000, 0x00000007c0000000)
  eden space 65536K, 0% used [0x000000076b500000,0x000000076b500000,0x000000076f500000)
  from space 10752K, 100% used [0x000000076ff80000,0x0000000770a00000,0x0000000770a00000)
  to   space 10752K, 0% used [0x000000076f500000,0x000000076f500000,0x000000076ff80000)
 ParOldGen       total 129024K, used 12300K [0x00000006c1e00000, 0x00000006c9c00000, 0x000000076b500000)
  object space 129024K, 9% used [0x00000006c1e00000,0x00000006c2a03020,0x00000006c9c00000)
 Metaspace       used 24557K, capacity 26238K, committed 26368K, reserved 1071104K
  class space    used 3504K, capacity 3814K, committed 3840K, reserved 1048576K
}
Event: 166.616 GC heap before
{Heap before GC invocations=4 (full 1):
 PSYoungGen      total 76288K, used 76288K [0x000000076b500000, 0x0000000771200000, 0x00000007c0000000)
  eden space 65536K, 100% used [0x000000076b500000,0x000000076f500000,0x000000076f500000)
  from space 10752K, 100% used [0x000000076ff80000,0x0000000770a00000,0x0000000770a00000)
  to   space 10752K, 0% used [0x000000076f500000,0x000000076f500000,0x000000076ff80000)
 ParOldGen       total 129024K, used 12300K [0x00000006c1e00000, 0x00000006c9c00000, 0x000000076b500000)
  object space 129024K, 9% used [0x00000006c1e00000,0x00000006c2a03020,0x00000006c9c00000)
 Metaspace       used 25734K, capacity 27514K, committed 27776K, reserved 1073152K
  class space    used 3566K, capacity 3922K, committed 3968K, reserved 1048576K
Event: 166.662 GC heap after
Heap after GC invocations=4 (full 1):
 PSYoungGen      total 76288K, used 10752K [0x000000076b500000, 0x0000000770a00000, 0x00000007c0000000)
  eden space 65536K, 0% used [0x000000076b500000,0x000000076b500000,0x000000076f500000)
  from space 10752K, 100% used [0x000000076f500000,0x000000076ff80000,0x000000076ff80000)
  to   space 10752K, 0% used [0x000000076ff80000,0x000000076ff80000,0x0000000770a00000)
 ParOldGen       total 129024K, used 19250K [0x00000006c1e00000, 0x00000006c9c00000, 0x000000076b500000)
  object space 129024K, 14% used [0x00000006c1e00000,0x00000006c30cc8f0,0x00000006c9c00000)
 Metaspace       used 25734K, capacity 27514K, committed 27776K, reserved 1073152K
  class space    used 3566K, capacity 3922K, committed 3968K, reserved 1048576K
}

