# JRE version: Java(TM) SE Runtime Environment (8.0_131-b11) (build 1.8.0_131-b11)
# Java VM: Java HotSpot(TM) 64-Bit Server VM (25.131-b11 mixed mode windows-amd64 compressed oops)
Heap:
 PSYoungGen      total 76288K, used 55153K [0x000000076b500000, 0x0000000770a00000, 0x00000007c0000000)
  eden space 65536K, 67% used [0x000000076b500000,0x000000076e05c6c8,0x000000076f500000)
  from space 10752K, 100% used [0x000000076ff80000,0x0000000770a00000,0x0000000770a00000)
  to   space 10752K, 0% used [0x000000076f500000,0x000000076f500000,0x000000076ff80000)
 ParOldGen       total 175104K, used 11435K [0x00000006c1e00000, 0x00000006cc900000, 0x000000076b500000)
  object space 175104K, 6% used [0x00000006c1e00000,0x00000006c292ace0,0x00000006cc900000)
 Metaspace       used 25750K, capacity 27668K, committed 27904K, reserved 1073152K
  class space    used 3679K, capacity 4001K, committed 4096K, reserved 1048576K
GC Heap History (6 events):
Event: 5.493 GC heap before
{Heap before GC invocations=1 (full 0):
 PSYoungGen      total 76288K, used 40539K [0x000000076b500000, 0x0000000770a00000, 0x00000007c0000000)
  eden space 65536K, 61% used [0x000000076b500000,0x000000076dc96c00,0x000000076f500000)
  from space 10752K, 0% used [0x000000076ff80000,0x000000076ff80000,0x0000000770a00000)
  to   space 10752K, 0% used [0x000000076f500000,0x000000076f500000,0x000000076ff80000)
 ParOldGen       total 175104K, used 0K [0x00000006c1e00000, 0x00000006cc900000, 0x000000076b500000)
  object space 175104K, 0% used [0x00000006c1e00000,0x00000006c1e00000,0x00000006cc900000)
 Metaspace       used 16801K, capacity 17446K, committed 17536K, reserved 1064960K
  class space    used 2454K, capacity 2634K, committed 2688K, reserved 1048576K
Event: 5.511 GC heap after
Heap after GC invocations=1 (full 0):
 PSYoungGen      total 76288K, used 9746K [0x000000076b500000, 0x0000000770a00000, 0x00000007c0000000)
  eden space 65536K, 0% used [0x000000076b500000,0x000000076b500000,0x000000076f500000)
  from space 10752K, 90% used [0x000000076f500000,0x000000076fe84b10,0x000000076ff80000)
  to   space 10752K, 0% used [0x000000076ff80000,0x000000076ff80000,0x0000000770a00000)
 ParOldGen       total 175104K, used 72K [0x00000006c1e00000, 0x00000006cc900000, 0x000000076b500000)
  object space 175104K, 0% used [0x00000006c1e00000,0x00000006c1e12010,0x00000006cc900000)
 Metaspace       used 16801K, capacity 17446K, committed 17536K, reserved 1064960K
  class space    used 2454K, capacity 2634K, committed 2688K, reserved 1048576K
}
Event: 5.511 GC heap before
{Heap before GC invocations=2 (full 1):
 PSYoungGen      total 76288K, used 9746K [0x000000076b500000, 0x0000000770a00000, 0x00000007c0000000)
  eden space 65536K, 0% used [0x000000076b500000,0x000000076b500000,0x000000076f500000)
  from space 10752K, 90% used [0x000000076f500000,0x000000076fe84b10,0x000000076ff80000)
  to   space 10752K, 0% used [0x000000076ff80000,0x000000076ff80000,0x0000000770a00000)
 ParOldGen       total 175104K, used 72K [0x00000006c1e00000, 0x00000006cc900000, 0x000000076b500000)
  object space 175104K, 0% used [0x00000006c1e00000,0x00000006c1e12010,0x00000006cc900000)
 Metaspace       used 16801K, capacity 17446K, committed 17536K, reserved 1064960K
  class space    used 2454K, capacity 2634K, committed 2688K, reserved 1048576K
Event: 5.582 GC heap after
Heap after GC invocations=2 (full 1):
 PSYoungGen      total 76288K, used 0K [0x000000076b500000, 0x0000000770a00000, 0x00000007c0000000)
  eden space 65536K, 0% used [0x000000076b500000,0x000000076b500000,0x000000076f500000)
  from space 10752K, 0% used [0x000000076f500000,0x000000076f500000,0x000000076ff80000)
  to   space 10752K, 0% used [0x000000076ff80000,0x000000076ff80000,0x0000000770a00000)
 ParOldGen       total 175104K, used 7599K [0x00000006c1e00000, 0x00000006cc900000, 0x000000076b500000)
  object space 175104K, 4% used [0x00000006c1e00000,0x00000006c256bcd0,0x00000006cc900000)
 Metaspace       used 16801K, capacity 17446K, committed 17536K, reserved 1064960K
  class space    used 2454K, capacity 2634K, committed 2688K, reserved 1048576K
}
Event: 20.484 GC heap before
{Heap before GC invocations=3 (full 1):
 PSYoungGen      total 76288K, used 65536K [0x000000076b500000, 0x0000000770a00000, 0x00000007c0000000)
  eden space 65536K, 100% used [0x000000076b500000,0x000000076f500000,0x000000076f500000)
  from space 10752K, 0% used [0x000000076f500000,0x000000076f500000,0x000000076ff80000)
  to   space 10752K, 0% used [0x000000076ff80000,0x000000076ff80000,0x0000000770a00000)
 ParOldGen       total 175104K, used 7599K [0x00000006c1e00000, 0x00000006cc900000, 0x000000076b500000)
  object space 175104K, 4% used [0x00000006c1e00000,0x00000006c256bcd0,0x00000006cc900000)
 Metaspace       used 24059K, capacity 25786K, committed 25856K, reserved 1071104K
  class space    used 3484K, capacity 3810K, committed 3840K, reserved 1048576K
Event: 20.518 GC heap after
Heap after GC invocations=3 (full 1):
 PSYoungGen      total 76288K, used 10752K [0x000000076b500000, 0x0000000770a00000, 0x00000007c0000000)
  eden space 65536K, 0% used [0x000000076b500000,0x000000076b500000,0x000000076f500000)
  from space 10752K, 100% used [0x000000076ff80000,0x0000000770a00000,0x0000000770a00000)
  to   space 10752K, 0% used [0x000000076f500000,0x000000076f500000,0x000000076ff80000)
 ParOldGen       total 175104K, used 11435K [0x00000006c1e00000, 0x00000006cc900000, 0x000000076b500000)
  object space 175104K, 6% used [0x00000006c1e00000,0x00000006c292ace0,0x00000006cc900000)
 Metaspace       used 24059K, capacity 25786K, committed 25856K, reserved 1071104K
  class space    used 3484K, capacity 3810K, committed 3840K, reserved 1048576K
}

