# JRE version: Java(TM) SE Runtime Environment (8.0_131-b11) (build 1.8.0_131-b11)
# Java VM: Java HotSpot(TM) 64-Bit Server VM (25.131-b11 mixed mode windows-amd64 compressed oops)
Heap:
 PSYoungGen      total 76288K, used 30912K [0x000000076b500000, 0x0000000770a00000, 0x00000007c0000000)
  eden space 65536K, 30% used [0x000000076b500000,0x000000076c8b0258,0x000000076f500000)
  from space 10752K, 100% used [0x000000076ff80000,0x0000000770a00000,0x0000000770a00000)
  to   space 10752K, 0% used [0x000000076f500000,0x000000076f500000,0x000000076ff80000)
 ParOldGen       total 175104K, used 11030K [0x00000006c1e00000, 0x00000006cc900000, 0x000000076b500000)
  object space 175104K, 6% used [0x00000006c1e00000,0x00000006c28c5878,0x00000006cc900000)
 Metaspace       used 25217K, capacity 27064K, committed 27392K, reserved 1073152K
  class space    used 3640K, capacity 3981K, committed 4096K, reserved 1048576K
GC Heap History (6 events):
Event: 5.761 GC heap before
{Heap before GC invocations=1 (full 0):
 PSYoungGen      total 76288K, used 40517K [0x000000076b500000, 0x0000000770a00000, 0x00000007c0000000)
  eden space 65536K, 61% used [0x000000076b500000,0x000000076dc91410,0x000000076f500000)
  from space 10752K, 0% used [0x000000076ff80000,0x000000076ff80000,0x0000000770a00000)
  to   space 10752K, 0% used [0x000000076f500000,0x000000076f500000,0x000000076ff80000)
 ParOldGen       total 175104K, used 0K [0x00000006c1e00000, 0x00000006cc900000, 0x000000076b500000)
  object space 175104K, 0% used [0x00000006c1e00000,0x00000006c1e00000,0x00000006cc900000)
 Metaspace       used 16895K, capacity 17584K, committed 17792K, reserved 1064960K
  class space    used 2469K, capacity 2635K, committed 2688K, reserved 1048576K
Event: 5.780 GC heap after
Heap after GC invocations=1 (full 0):
 PSYoungGen      total 76288K, used 9778K [0x000000076b500000, 0x0000000770a00000, 0x00000007c0000000)
  eden space 65536K, 0% used [0x000000076b500000,0x000000076b500000,0x000000076f500000)
  from space 10752K, 90% used [0x000000076f500000,0x000000076fe8caf0,0x000000076ff80000)
  to   space 10752K, 0% used [0x000000076ff80000,0x000000076ff80000,0x0000000770a00000)
 ParOldGen       total 175104K, used 80K [0x00000006c1e00000, 0x00000006cc900000, 0x000000076b500000)
  object space 175104K, 0% used [0x00000006c1e00000,0x00000006c1e14010,0x00000006cc900000)
 Metaspace       used 16895K, capacity 17584K, committed 17792K, reserved 1064960K
  class space    used 2469K, capacity 2635K, committed 2688K, reserved 1048576K
}
Event: 5.780 GC heap before
{Heap before GC invocations=2 (full 1):
 PSYoungGen      total 76288K, used 9778K [0x000000076b500000, 0x0000000770a00000, 0x00000007c0000000)
  eden space 65536K, 0% used [0x000000076b500000,0x000000076b500000,0x000000076f500000)
  from space 10752K, 90% used [0x000000076f500000,0x000000076fe8caf0,0x000000076ff80000)
  to   space 10752K, 0% used [0x000000076ff80000,0x000000076ff80000,0x0000000770a00000)
 ParOldGen       total 175104K, used 80K [0x00000006c1e00000, 0x00000006cc900000, 0x000000076b500000)
  object space 175104K, 0% used [0x00000006c1e00000,0x00000006c1e14010,0x00000006cc900000)
 Metaspace       used 16895K, capacity 17584K, committed 17792K, reserved 1064960K
  class space    used 2469K, capacity 2635K, committed 2688K, reserved 1048576K
Event: 5.853 GC heap after
Heap after GC invocations=2 (full 1):
 PSYoungGen      total 76288K, used 0K [0x000000076b500000, 0x0000000770a00000, 0x00000007c0000000)
  eden space 65536K, 0% used [0x000000076b500000,0x000000076b500000,0x000000076f500000)
  from space 10752K, 0% used [0x000000076f500000,0x000000076f500000,0x000000076ff80000)
  to   space 10752K, 0% used [0x000000076ff80000,0x000000076ff80000,0x0000000770a00000)
 ParOldGen       total 175104K, used 7606K [0x00000006c1e00000, 0x00000006cc900000, 0x000000076b500000)
  object space 175104K, 4% used [0x00000006c1e00000,0x00000006c256d878,0x00000006cc900000)
 Metaspace       used 16895K, capacity 17584K, committed 17792K, reserved 1064960K
  class space    used 2469K, capacity 2635K, committed 2688K, reserved 1048576K
}
Event: 19.058 GC heap before
{Heap before GC invocations=3 (full 1):
 PSYoungGen      total 76288K, used 65536K [0x000000076b500000, 0x0000000770a00000, 0x00000007c0000000)
  eden space 65536K, 100% used [0x000000076b500000,0x000000076f500000,0x000000076f500000)
  from space 10752K, 0% used [0x000000076f500000,0x000000076f500000,0x000000076ff80000)
  to   space 10752K, 0% used [0x000000076ff80000,0x000000076ff80000,0x0000000770a00000)
 ParOldGen       total 175104K, used 7606K [0x00000006c1e00000, 0x00000006cc900000, 0x000000076b500000)
  object space 175104K, 4% used [0x00000006c1e00000,0x00000006c256d878,0x00000006cc900000)
 Metaspace       used 24130K, capacity 25786K, committed 25856K, reserved 1071104K
  class space    used 3482K, capacity 3810K, committed 3840K, reserved 1048576K
Event: 19.092 GC heap after
Heap after GC invocations=3 (full 1):
 PSYoungGen      total 76288K, used 10752K [0x000000076b500000, 0x0000000770a00000, 0x00000007c0000000)
  eden space 65536K, 0% used [0x000000076b500000,0x000000076b500000,0x000000076f500000)
  from space 10752K, 100% used [0x000000076ff80000,0x0000000770a00000,0x0000000770a00000)
  to   space 10752K, 0% used [0x000000076f500000,0x000000076f500000,0x000000076ff80000)
 ParOldGen       total 175104K, used 11030K [0x00000006c1e00000, 0x00000006cc900000, 0x000000076b500000)
  object space 175104K, 6% used [0x00000006c1e00000,0x00000006c28c5878,0x00000006cc900000)
 Metaspace       used 24130K, capacity 25786K, committed 25856K, reserved 1071104K
  class space    used 3482K, capacity 3810K, committed 3840K, reserved 1048576K
}

